<?xml version="1.0" encoding="UTF-8"?>
<!-- Generated by org.testng.reporters.JUnitReportReporter -->
<testsuite hostname="LAPTOP-8MQ1Q4P8" failures="0" tests="4" name="test.java.previred.CU006_Fallecimiento_beneficiario_durante_proceso" time="528.669" errors="0" timestamp="2025-08-11T23:24:43 CLT" skipped="0">
  <testcase classname="test.java.previred.CU006_Fallecimiento_beneficiario_durante_proceso" name="Flujo_Sagcom" time="166.384"/>
  <system-out/>
  <testcase classname="test.java.previred.CU006_Fallecimiento_beneficiario_durante_proceso" name="Flujo_Sagcom_Administrativo" time="131.602"/>
  <system-out/>
  <testcase classname="test.java.previred.CU006_Fallecimiento_beneficiario_durante_proceso" name="Flujo_Sagcom_Medico" time="84.170"/>
  <system-out/>
  <testcase classname="test.java.previred.CU006_Fallecimiento_beneficiario_durante_proceso" name="Flujo_Sagcom_Administrativo1" time="146.513"/>
  <system-out/>
</testsuite> <!-- test.java.previred.CU006_Fallecimiento_beneficiario_durante_proceso -->
