<?xml version="1.0" encoding="UTF-8"?>
<!-- Generated by org.testng.reporters.JUnitReportReporter -->
<testsuite hostname="LAPTOP-8MQ1Q4P8" failures="0" tests="4" name="test.java.previred.CU002_Enfermo_terminal" time="421.998" errors="0" timestamp="2025-08-11T22:29:58 CLT" skipped="0">
  <testcase classname="test.java.previred.CU002_Enfermo_terminal" name="Flujo_Sagcom" time="76.497"/>
  <system-out/>
  <testcase classname="test.java.previred.CU002_Enfermo_terminal" name="Flujo_Sagcom_Administrativo" time="130.155"/>
  <system-out/>
  <testcase classname="test.java.previred.CU002_Enfermo_terminal" name="Flujo_Sagcom_Medico" time="93.158"/>
  <system-out/>
  <testcase classname="test.java.previred.CU002_Enfermo_terminal" name="Flujo_Sagcom_Administrativo1" time="122.188"/>
  <system-out/>
</testsuite> <!-- test.java.previred.CU002_Enfermo_terminal -->
