<?xml version="1.0" encoding="UTF-8"?>
<!-- Generated by org.testng.reporters.JUnitReportReporter -->
<testsuite hostname="LAPTOP-8MQ1Q4P8" failures="0" tests="8" name="test.java.previred.CU001_Camino_Feliz_Flujo_Sagcom" time="641.017" errors="0" timestamp="2025-08-12T16:14:13 CLT" skipped="0">
  <testcase classname="test.java.previred.CU001_Camino_Feliz_Flujo_Sagcom" name="Flujo_Sagcom" time="135.378"/>
  <system-out/>
  <testcase classname="test.java.previred.CU001_Camino_Feliz_Flujo_Sagcom" name="Flujo_Sagcom_Administrativo" time="62.947"/>
  <system-out/>
  <testcase classname="test.java.previred.CU001_Camino_Feliz_Flujo_Sagcom" name="Flujo_Sagcom_Medico_Presidente" time="56.972"/>
  <system-out/>
  <testcase classname="test.java.previred.CU001_Camino_Feliz_Flujo_Sagcom" name="Flujo_Sagcom_Administrativo1" time="33.016"/>
  <system-out/>
  <testcase classname="test.java.previred.CU001_Camino_Feliz_Flujo_Sagcom" name="Flujo_Sagcom_Administrativo2" time="39.796"/>
  <system-out/>
  <testcase classname="test.java.previred.CU001_Camino_Feliz_Flujo_Sagcom" name="Flujo_Sagcom_Medico_Integrante1" time="161.617"/>
  <system-out/>
  <testcase classname="test.java.previred.CU001_Camino_Feliz_Flujo_Sagcom" name="Flujo_Sagcom_Medico_Presidente1" time="31.180"/>
  <system-out/>
  <testcase classname="test.java.previred.CU001_Camino_Feliz_Flujo_Sagcom" name="Flujo_Sagcom_Administrativo3" time="120.111"/>
  <system-out/>
</testsuite> <!-- test.java.previred.CU001_Camino_Feliz_Flujo_Sagcom -->
