<?xml version="1.0" encoding="UTF-8"?>
<!-- Generated by org.testng.reporters.JUnitReportReporter -->
<testsuite hostname="LAPTOP-8MQ1Q4P8" failures="0" tests="3" name="test.java.previred.CU009_Revisar_Bitacora" time="302.944" errors="0" timestamp="2025-08-12T07:44:08 CLT" skipped="0">
  <testcase classname="test.java.previred.CU009_Revisar_Bitacora" name="Flujo_Sagcom" time="69.707"/>
  <system-out/>
  <testcase classname="test.java.previred.CU009_Revisar_Bitacora" name="Flujo_Sagcom_Administrativo" time="130.785"/>
  <system-out/>
  <testcase classname="test.java.previred.CU009_Revisar_Bitacora" name="Flujo_Sagcom_Medico" time="102.452"/>
  <system-out/>
</testsuite> <!-- test.java.previred.CU009_Revisar_Bitacora -->
