<?xml version="1.0" encoding="UTF-8"?>
<!-- Generated by org.testng.reporters.JUnitReportReporter -->
<testsuite hostname="TestGroup" failures="1" tests="8" name="test.java.previred.CU001_Camino_Feliz_Flujo_Sagcom" time="75.667" errors="0" timestamp="2025-08-06T11:15:09 CLT" skipped="7">
  <testcase classname="test.java.previred.CU001_Camino_Feliz_Flujo_Sagcom" name="Flujo_Sagcom_Medico_Presidente" time="75.667">
    <failure message="null" type="java.lang.AssertionError">
      <![CDATA[java.lang.AssertionError: null
at org.testng.Assert.fail(Assert.java:99)
at org.testng.Assert.fail(Assert.java:106)
at main.java.utils.GG_Utils.eventFailed(GG_Utils.java:46)
at main.java.pageEvents.Camino_Feliz_Flujo_Sagcom.iniciarSolicitudMedicoPresidente(Camino_Feliz_Flujo_Sagcom.java:648)
at test.java.previred.CU001_Camino_Feliz_Flujo_Sagcom.Flujo_Sagcom_Medico_Presidente(CU001_Camino_Feliz_Flujo_Sagcom.java:51)
at java.base/jdk.internal.reflect.DirectMethodHandleAccessor.invoke(DirectMethodHandleAccessor.java:103)
at java.base/java.lang.reflect.Method.invoke(Method.java:580)
at org.testng.internal.MethodInvocationHelper.invokeMethod(MethodInvocationHelper.java:133)
at org.testng.internal.TestInvoker.invokeMethod(TestInvoker.java:598)
at org.testng.internal.TestInvoker.invokeTestMethod(TestInvoker.java:173)
at org.testng.internal.MethodRunner.runInSequence(MethodRunner.java:46)
at org.testng.internal.TestInvoker$MethodInvocationAgent.invoke(TestInvoker.java:824)
at org.testng.internal.TestInvoker.invokeTestMethods(TestInvoker.java:146)
at org.testng.internal.TestMethodWorker.invokeTestMethods(TestMethodWorker.java:146)
at org.testng.internal.TestMethodWorker.run(TestMethodWorker.java:128)
at java.base/java.util.ArrayList.forEach(ArrayList.java:1596)
at org.testng.TestRunner.privateRun(TestRunner.java:794)
at org.testng.TestRunner.run(TestRunner.java:596)
at org.testng.SuiteRunner.runTest(SuiteRunner.java:377)
at org.testng.SuiteRunner.runSequentially(SuiteRunner.java:371)
at org.testng.SuiteRunner.privateRun(SuiteRunner.java:332)
at org.testng.SuiteRunner.run(SuiteRunner.java:276)
at org.testng.SuiteRunnerWorker.runSuite(SuiteRunnerWorker.java:53)
at org.testng.SuiteRunnerWorker.run(SuiteRunnerWorker.java:96)
at org.testng.TestNG.runSuitesSequentially(TestNG.java:1212)
at org.testng.TestNG.runSuitesLocally(TestNG.java:1134)
at org.testng.TestNG.runSuites(TestNG.java:1063)
at org.testng.TestNG.run(TestNG.java:1031)
at org.apache.maven.surefire.testng.TestNGExecutor.run(TestNGExecutor.java:281)
at org.apache.maven.surefire.testng.TestNGXmlTestSuite.execute(TestNGXmlTestSuite.java:75)
at org.apache.maven.surefire.testng.TestNGProvider.invoke(TestNGProvider.java:121)
at org.apache.maven.surefire.booter.ForkedBooter.invokeProviderInSameClassLoader(ForkedBooter.java:290)
at org.apache.maven.surefire.booter.ForkedBooter.runSuitesInProcess(ForkedBooter.java:242)
at org.apache.maven.surefire.booter.ForkedBooter.main(ForkedBooter.java:121)
]]>
    </failure>
  </testcase> <!-- Flujo_Sagcom_Medico_Presidente -->
  <system-out/>
  <testcase classname="test.java.previred.CU001_Camino_Feliz_Flujo_Sagcom" name="Flujo_Sagcom_Medico_Integrante1">
    <skipped/>
  </testcase> <!-- Flujo_Sagcom_Medico_Integrante1 -->
  <system-out/>
  <testcase classname="test.java.previred.CU001_Camino_Feliz_Flujo_Sagcom" name="Flujo_Sagcom_Administrativo3">
    <skipped/>
  </testcase> <!-- Flujo_Sagcom_Administrativo3 -->
  <system-out/>
  <testcase classname="test.java.previred.CU001_Camino_Feliz_Flujo_Sagcom" name="Flujo_Sagcom_Administrativo2">
    <skipped/>
  </testcase> <!-- Flujo_Sagcom_Administrativo2 -->
  <system-out/>
  <testcase classname="test.java.previred.CU001_Camino_Feliz_Flujo_Sagcom" name="Flujo_Sagcom_Medico_Presidente1">
    <skipped/>
  </testcase> <!-- Flujo_Sagcom_Medico_Presidente1 -->
  <system-out/>
  <testcase classname="test.java.previred.CU001_Camino_Feliz_Flujo_Sagcom" name="Flujo_Sagcom_Administrativo1">
    <skipped/>
  </testcase> <!-- Flujo_Sagcom_Administrativo1 -->
  <system-out/>
  <testcase classname="test.java.previred.CU001_Camino_Feliz_Flujo_Sagcom" name="Flujo_Sagcom_Administrativo">
    <skipped/>
  </testcase> <!-- Flujo_Sagcom_Administrativo -->
  <system-out/>
  <testcase classname="test.java.previred.CU001_Camino_Feliz_Flujo_Sagcom" name="Flujo_Sagcom">
    <skipped/>
  </testcase> <!-- Flujo_Sagcom -->
  <system-out/>
</testsuite> <!-- test.java.previred.CU001_Camino_Feliz_Flujo_Sagcom -->
