<?xml version="1.0" encoding="UTF-8"?>
<!-- Generated by org.testng.reporters.JUnitReportReporter -->
<testsuite hostname="LAPTOP-8MQ1Q4P8" failures="0" tests="2" name="test.java.previred.CU005_Admisibilidad_solicitud_rechazada" time="278.263" errors="0" timestamp="2025-08-11T22:55:04 CLT" skipped="0">
  <testcase classname="test.java.previred.CU005_Admisibilidad_solicitud_rechazada" name="Flujo_Sagcom" time="228.718"/>
  <system-out/>
  <testcase classname="test.java.previred.CU005_Admisibilidad_solicitud_rechazada" name="Flujo_Sagcom_Administrativo" time="49.545"/>
  <system-out/>
</testsuite> <!-- test.java.previred.CU005_Admisibilidad_solicitud_rechazada -->
